 
****************************************
Report : area
Design : LCD_CTRL
Version: R-2020.09
Date   : Fri Apr 15 00:36:36 2022
****************************************

Library(s) Used:

    slow (File: /usr/cad/CBDK/CBDK_IC_Contest_v2.1/SynopsysDC/db/slow.db)

Number of ports:                          135
Number of nets:                          5524
Number of cells:                         5406
Number of combinational cells:           4876
Number of sequential cells:               522
Number of macros/black boxes:               0
Number of buf/inv:                       1231
Number of references:                     154

Combinational area:              46951.781084
Buf/Inv area:                     7079.855353
Noncombinational area:           18651.031721
Macro/Black Box area:                0.000000
Net Interconnect area:          831744.169373

Total cell area:                 65602.812805
Total area:                     897346.982178
1
